The system is: Windows - 10.0.19042 - AMD64
Compiling the C compiler identification source file "CMakeCCompilerId.c" succeeded.
Compiler: C:/Program Files (x86)/Microsoft Visual Studio/2019/Community/VC/Tools/MSVC/14.28.29910/bin/Hostx64/x64/cl.exe 
Build flags: 
Id flags:  

The output was:
0
Microsoft (R) C/C++ Optimizing Compiler Version 19.28.29910 for x64
Copyright (C) Microsoft Corporation.  All rights reserved.

CMakeCCompilerId.c
Microsoft (R) Incremental Linker Version 14.28.29910.0
Copyright (C) Microsoft Corporation.  All rights reserved.

/out:CMakeCCompilerId.exe 
CMakeCCompilerId.obj 


Compilation of the C compiler identification source "CMakeCCompilerId.c" produced "CMakeCCompilerId.exe"

Compilation of the C compiler identification source "CMakeCCompilerId.c" produced "CMakeCCompilerId.obj"

The C compiler identification is MSVC, found in "C:/Users/Ruben/OneDrive/Desktop/space/adcs-math-simulation/cmake-build-debug-visual-studio/CMakeFiles/3.20.2/CompilerIdC/CMakeCCompilerId.exe"

Compiling the CXX compiler identification source file "CMakeCXXCompilerId.cpp" succeeded.
Compiler: C:/Program Files (x86)/Microsoft Visual Studio/2019/Community/VC/Tools/MSVC/14.28.29910/bin/Hostx64/x64/cl.exe 
Build flags: 
Id flags:  

The output was:
0
Microsoft (R) C/C++ Optimizing Compiler Version 19.28.29910 for x64
Copyright (C) Microsoft Corporation.  All rights reserved.

CMakeCXXCompilerId.cpp
Microsoft (R) Incremental Linker Version 14.28.29910.0
Copyright (C) Microsoft Corporation.  All rights reserved.

/out:CMakeCXXCompilerId.exe 
CMakeCXXCompilerId.obj 


Compilation of the CXX compiler identification source "CMakeCXXCompilerId.cpp" produced "CMakeCXXCompilerId.exe"

Compilation of the CXX compiler identification source "CMakeCXXCompilerId.cpp" produced "CMakeCXXCompilerId.obj"

The CXX compiler identification is MSVC, found in "C:/Users/Ruben/OneDrive/Desktop/space/adcs-math-simulation/cmake-build-debug-visual-studio/CMakeFiles/3.20.2/CompilerIdCXX/CMakeCXXCompilerId.exe"

Detecting C compiler ABI info compiled with the following output:
Change Dir: C:/Users/Ruben/OneDrive/Desktop/space/adcs-math-simulation/cmake-build-debug-visual-studio/CMakeFiles/CMakeTmp

Run Build Command(s):nmake -f Makefile /nologo cmTC_2a6ed\fast && 	"C:\Program Files (x86)\Microsoft Visual Studio\2019\Community\VC\Tools\MSVC\14.28.29910\bin\HostX64\x64\nmake.exe"  -f CMakeFiles\cmTC_2a6ed.dir\build.make /nologo -L                  CMakeFiles\cmTC_2a6ed.dir\build
Building C object CMakeFiles/cmTC_2a6ed.dir/CMakeCCompilerABI.c.obj
	"C:\Program Files\JetBrains\CLion 2020.2.3\bin\cmake\win\bin\cmake.exe" -E cmake_cl_compile_depends --dep-file=CMakeFiles\cmTC_2a6ed.dir\CMakeCCompilerABI.c.obj.d --working-dir=C:\Users\Ruben\OneDrive\Desktop\space\adcs-math-simulation\cmake-build-debug-visual-studio\CMakeFiles\CMakeTmp --filter-prefix="" -- C:\PROGRA~2\MICROS~1\2019\COMMUN~1\VC\Tools\MSVC\1428~1.299\bin\Hostx64\x64\cl.exe @C:\Users\Ruben\AppData\Local\Temp\nm861B.tmp
Linking C executable cmTC_2a6ed.exe
	"C:\Program Files\JetBrains\CLion 2020.2.3\bin\cmake\win\bin\cmake.exe" -E vs_link_exe --intdir=CMakeFiles\cmTC_2a6ed.dir --rc=C:\PROGRA~2\WI3CF2~1\10\bin\100190~1.0\x64\rc.exe --mt=C:\PROGRA~2\WI3CF2~1\10\bin\100190~1.0\x64\mt.exe --manifests -- C:\PROGRA~2\MICROS~1\2019\COMMUN~1\VC\Tools\MSVC\1428~1.299\bin\Hostx64\x64\link.exe /nologo @CMakeFiles\cmTC_2a6ed.dir\objects1.rsp @C:\Users\Ruben\AppData\Local\Temp\nm87B3.tmp
	C:\Windows\System32\WindowsPowerShell\v1.0\powershell.exe -noprofile -executionpolicy Bypass -file C:/Users/Ruben/OneDrive/Desktop/space/vcpkg/scripts/buildsystems/msbuild/applocal.ps1 -targetBinary C:/Users/Ruben/OneDrive/Desktop/space/adcs-math-simulation/cmake-build-debug-visual-studio/CMakeFiles/CMakeTmp/cmTC_2a6ed.exe -installedDir C:/Users/Ruben/OneDrive/Desktop/space/vcpkg/installed/x64-windows/debug/bin -OutVariable out



Detecting CXX compiler ABI info compiled with the following output:
Change Dir: C:/Users/Ruben/OneDrive/Desktop/space/adcs-math-simulation/cmake-build-debug-visual-studio/CMakeFiles/CMakeTmp

Run Build Command(s):nmake -f Makefile /nologo cmTC_f1b99\fast && 	"C:\Program Files (x86)\Microsoft Visual Studio\2019\Community\VC\Tools\MSVC\14.28.29910\bin\HostX64\x64\nmake.exe"  -f CMakeFiles\cmTC_f1b99.dir\build.make /nologo -L                  CMakeFiles\cmTC_f1b99.dir\build
Building CXX object CMakeFiles/cmTC_f1b99.dir/CMakeCXXCompilerABI.cpp.obj
	"C:\Program Files\JetBrains\CLion 2020.2.3\bin\cmake\win\bin\cmake.exe" -E cmake_cl_compile_depends --dep-file=CMakeFiles\cmTC_f1b99.dir\CMakeCXXCompilerABI.cpp.obj.d --working-dir=C:\Users\Ruben\OneDrive\Desktop\space\adcs-math-simulation\cmake-build-debug-visual-studio\CMakeFiles\CMakeTmp --filter-prefix="" -- C:\PROGRA~2\MICROS~1\2019\COMMUN~1\VC\Tools\MSVC\1428~1.299\bin\Hostx64\x64\cl.exe @C:\Users\Ruben\AppData\Local\Temp\nm905C.tmp
Linking CXX executable cmTC_f1b99.exe
	"C:\Program Files\JetBrains\CLion 2020.2.3\bin\cmake\win\bin\cmake.exe" -E vs_link_exe --intdir=CMakeFiles\cmTC_f1b99.dir --rc=C:\PROGRA~2\WI3CF2~1\10\bin\100190~1.0\x64\rc.exe --mt=C:\PROGRA~2\WI3CF2~1\10\bin\100190~1.0\x64\mt.exe --manifests -- C:\PROGRA~2\MICROS~1\2019\COMMUN~1\VC\Tools\MSVC\1428~1.299\bin\Hostx64\x64\link.exe /nologo @CMakeFiles\cmTC_f1b99.dir\objects1.rsp @C:\Users\Ruben\AppData\Local\Temp\nm9251.tmp
	C:\Windows\System32\WindowsPowerShell\v1.0\powershell.exe -noprofile -executionpolicy Bypass -file C:/Users/Ruben/OneDrive/Desktop/space/vcpkg/scripts/buildsystems/msbuild/applocal.ps1 -targetBinary C:/Users/Ruben/OneDrive/Desktop/space/adcs-math-simulation/cmake-build-debug-visual-studio/CMakeFiles/CMakeTmp/cmTC_f1b99.exe -installedDir C:/Users/Ruben/OneDrive/Desktop/space/vcpkg/installed/x64-windows/debug/bin -OutVariable out



